<?xml version="1.0" encoding="UTF-8"?>
<!-- Generated by org.testng.reporters.JUnitXMLReporter -->
<testsuite hostname="VDQADEV01-P7UPP" name="Delete Location test" tests="1" failures="0" timestamp="18 Jun 2015 14:18:17 GMT" time="3.833" errors="0">
  <testcase name="@BeforeTest setUpTest" time="0.0" classname="org.roommanager.test.admin.locations.DeleteLocation">
    <failure type="org.openqa.selenium.WebDriverException" message="unknown error: Element is not clickable at point (816, 390). Other element would receive the click: &amp;lt;textarea id=&amp;quot;location-add-description&amp;quot; rows=&amp;quot;3&amp;quot; ng-model=&amp;quot;locationForm.description.value&amp;quot; style=&amp;quot;resize:none;&amp;quot; class=&amp;quot;form-control ng-pristine ng-untouched ng-valid&amp;quot;&amp;gt;&amp;lt;/textarea&amp;gt;
  (Session info: chrome=40.0.2214.111)
  (Driver info: chromedriver=2.14.313457 (3d645c400edf2e2c500566c9aa096063e707c9cf),platform=Windows NT 6.3 x86_64) (WARNING: The server did not provide any stacktrace information)
Command duration or timeout: 130 milliseconds
Build info: version: &amp;apos;2.45.0&amp;apos;, revision: &amp;apos;5017cb8&amp;apos;, time: &amp;apos;2015-02-26 23:59:50&amp;apos;
System info: host: &amp;apos;VDQADEV01-P7UPP&amp;apos;, ip: &amp;apos;172.20.200.219&amp;apos;, os.name: &amp;apos;Windows Server 2012 R2&amp;apos;, os.arch: &amp;apos;amd64&amp;apos;, os.version: &amp;apos;6.3&amp;apos;, java.version: &amp;apos;1.7.0_80&amp;apos;
Session ID: 9d34f0d43cc671dbc052eb7a7e7df264
Driver info: org.openqa.selenium.chrome.ChromeDriver
Capabilities [{platform=WIN8_1, acceptSslCerts=true, javascriptEnabled=true, browserName=chrome, chrome={userDataDir=C:\Users\SAMUEL~1\AppData\Local\Temp\2\scoped_dir6776_28158}, rotatable=false, locationContextEnabled=true, mobileEmulationEnabled=false, version=40.0.2214.111, takesHeapSnapshot=true, cssSelectorsEnabled=true, databaseEnabled=false, handlesAlerts=true, browserConnectionEnabled=false, webStorageEnabled=true, nativeEvents=true, applicationCacheEnabled=false, takesScreenshot=true}]">
      <![CDATA[org.openqa.selenium.WebDriverException: unknown error: Element is not clickable at point (816, 390). Other element would receive the click: <textarea id="location-add-description" rows="3" ng-model="locationForm.description.value" style="resize:none;" class="form-control ng-pristine ng-untouched ng-valid"></textarea>
  (Session info: chrome=40.0.2214.111)
  (Driver info: chromedriver=2.14.313457 (3d645c400edf2e2c500566c9aa096063e707c9cf),platform=Windows NT 6.3 x86_64) (WARNING: The server did not provide any stacktrace information)
Command duration or timeout: 130 milliseconds
Build info: version: '2.45.0', revision: '5017cb8', time: '2015-02-26 23:59:50'
System info: host: 'VDQADEV01-P7UPP', ip: '172.20.200.219', os.name: 'Windows Server 2012 R2', os.arch: 'amd64', os.version: '6.3', java.version: '1.7.0_80'
Session ID: 9d34f0d43cc671dbc052eb7a7e7df264
Driver info: org.openqa.selenium.chrome.ChromeDriver
Capabilities [{platform=WIN8_1, acceptSslCerts=true, javascriptEnabled=true, browserName=chrome, chrome={userDataDir=C:\Users\SAMUEL~1\AppData\Local\Temp\2\scoped_dir6776_28158}, rotatable=false, locationContextEnabled=true, mobileEmulationEnabled=false, version=40.0.2214.111, takesHeapSnapshot=true, cssSelectorsEnabled=true, databaseEnabled=false, handlesAlerts=true, browserConnectionEnabled=false, webStorageEnabled=true, nativeEvents=true, applicationCacheEnabled=false, takesScreenshot=true}]
	at org.openqa.selenium.remote.ErrorHandler.createThrowable(ErrorHandler.java:204)
	at org.openqa.selenium.remote.ErrorHandler.throwIfResponseFailed(ErrorHandler.java:156)
	at org.openqa.selenium.remote.RemoteWebDriver.execute(RemoteWebDriver.java:599)
	at org.openqa.selenium.remote.RemoteWebElement.execute(RemoteWebElement.java:268)
	at org.openqa.selenium.remote.RemoteWebElement.click(RemoteWebElement.java:79)
	at org.roommanager.pages.admin.locations.AddLocationPage.SaveLocationButton(AddLocationPage.java:42)
	at org.roommanager.test.admin.locations.DeleteLocation.setUpTest(DeleteLocation.java:48)
... Removed 26 stack frames]]>
    </failure>
  </testcase> <!-- @BeforeTest setUpTest -->
  <testcase name="@AfterTest TearDownTest" time="0.0" classname="org.roommanager.test.admin.locations.DeleteLocation">
    <skipped/>
  </testcase> <!-- @AfterTest TearDownTest -->
  <testcase name="deleteLocation" time="0.001" classname="org.roommanager.test.admin.locations.DeleteLocation">
    <skipped/>
  </testcase> <!-- deleteLocation -->
</testsuite> <!-- Delete Location test -->
