<?xml version="1.0" encoding="UTF-8"?>
<!-- Generated by org.testng.reporters.JUnitXMLReporter -->
<testsuite hostname="VDQADEV01-P7UPP" name="Verify that is possible update a location" tests="1" failures="0" timestamp="20 Jun 2015 02:20:02 GMT" time="0.031" errors="0">
  <testcase name="@BeforeTest setUpTest" time="0.0" classname="org.roommanager.test.admin.locations.UpdateLocation">
    <failure type="org.openqa.selenium.remote.SessionNotFoundException" message="Session ID is null. Using WebDriver after calling quit()?
Build info: version: &amp;apos;2.45.0&amp;apos;, revision: &amp;apos;5017cb8&amp;apos;, time: &amp;apos;2015-02-26 23:59:50&amp;apos;
System info: host: &amp;apos;VDQADEV01-P7UPP&amp;apos;, ip: &amp;apos;172.20.200.219&amp;apos;, os.name: &amp;apos;Windows Server 2012 R2&amp;apos;, os.arch: &amp;apos;amd64&amp;apos;, os.version: &amp;apos;6.3&amp;apos;, java.version: &amp;apos;1.7.0_80&amp;apos;
Driver info: driver.version: RemoteWebDriver">
      <![CDATA[org.openqa.selenium.remote.SessionNotFoundException: Session ID is null. Using WebDriver after calling quit()?
Build info: version: '2.45.0', revision: '5017cb8', time: '2015-02-26 23:59:50'
System info: host: 'VDQADEV01-P7UPP', ip: '172.20.200.219', os.name: 'Windows Server 2012 R2', os.arch: 'amd64', os.version: '6.3', java.version: '1.7.0_80'
Driver info: driver.version: RemoteWebDriver
	at org.openqa.selenium.remote.HttpCommandExecutor.execute(HttpCommandExecutor.java:125)
	at org.openqa.selenium.remote.service.DriverCommandExecutor.execute(DriverCommandExecutor.java:66)
	at org.openqa.selenium.remote.RemoteWebDriver.execute(RemoteWebDriver.java:572)
	at org.openqa.selenium.remote.RemoteWebDriver.get(RemoteWebDriver.java:304)
	at org.roommanager.test.admin.locations.UpdateLocation.setUpTest(UpdateLocation.java:29)
... Removed 22 stack frames]]>
    </failure>
  </testcase> <!-- @BeforeTest setUpTest -->
  <testcase name="@AfterTest TearDownTest" time="0.0" classname="org.roommanager.test.admin.locations.UpdateLocation">
    <skipped/>
  </testcase> <!-- @AfterTest TearDownTest -->
  <testcase name="updateLocation" time="0.0" classname="org.roommanager.test.admin.locations.UpdateLocation">
    <skipped/>
  </testcase> <!-- updateLocation -->
</testsuite> <!-- Verify that is possible update a location -->
