<!DOCTYPE html PUBLIC "-//W3C//DTD XHTML 1.1//EN" "http://www.w3.org/TR/xhtml11/DTD/xhtml11.dtd">
<html xmlns="http://www.w3.org/1999/xhtml"><head><title>TestNG Report</title><style type="text/css">table {margin-bottom:10px;border-collapse:collapse;empty-cells:show}th,td {border:1px solid #009;padding:.25em .5em}th {vertical-align:bottom}td {vertical-align:top}table a {font-weight:bold}.stripe td {background-color: #E6EBF9}.num {text-align:right}.passedodd td {background-color: #3F3}.passedeven td {background-color: #0A0}.skippedodd td {background-color: #DDD}.skippedeven td {background-color: #CCC}.failedodd td,.attn {background-color: #F33}.failedeven td,.stripe .attn {background-color: #D00}.stacktrace {white-space:pre;font-family:monospace}.totop {font-size:85%;text-align:center;border-bottom:2px solid #000}</style></head><body><table><tr><th>Test</th><th># Passed</th><th># Skipped</th><th># Failed</th><th>Time (ms)</th><th>Included Groups</th><th>Excluded Groups</th></tr><tr><th colspan="7">Test Suite for Room Manager</th></tr><tr><td><a href="#t0">Verify that is possible create a location</a></td><td class="num">0</td><td class="num">0</td><td class="num attn">1</td><td class="num">8,910</td><td></td><td></td></tr><tr class="stripe"><td><a href="#t1">Verify that is posible delete a location</a></td><td class="num">1</td><td class="num">0</td><td class="num">0</td><td class="num">11,193</td><td></td><td></td></tr><tr><td><a href="#t2">Verify that is possible update a location</a></td><td class="num">0</td><td class="num attn">1</td><td class="num">0</td><td class="num">31</td><td></td><td></td></tr><tr><th>Total</th><th class="num">1</th><th class="num attn">1</th><th class="num attn">1</th><th class="num">20,134</th><th colspan="2"></th></tr></table><table><thead><tr><th>Class</th><th>Method</th><th>Start</th><th>Time (ms)</th></tr></thead><tbody><tr><th colspan="4">Test Suite for Room Manager</th></tr></tbody><tbody id="t0"><tr><th colspan="4">Verify that is possible create a location &#8212; failed</th></tr><tr class="failedeven"><td rowspan="1">org.roommanager.test.admin.locations.CreateLocations</td><td><a href="#m0">createLocation</a></td><td rowspan="1">1434766781734</td><td rowspan="1">3273</td></tr></tbody><tbody id="t1"><tr><th colspan="4">Verify that is posible delete a location &#8212; passed</th></tr><tr class="passedeven"><td rowspan="1">org.roommanager.test.admin.locations.DeleteLocation</td><td><a href="#m1">deleteLocation</a></td><td rowspan="1">1434766798030</td><td rowspan="1">2673</td></tr></tbody><tbody id="t2"><tr><th colspan="4">Verify that is possible update a location &#8212; failed (configuration methods)</th></tr><tr class="failedeven"><td rowspan="1">org.roommanager.test.admin.locations.UpdateLocation</td><td><a href="#m2">setUpTest</a></td><td rowspan="1">1434766801973</td><td rowspan="1">0</td></tr><tr><th colspan="4">Verify that is possible update a location &#8212; skipped (configuration methods)</th></tr><tr class="skippedeven"><td rowspan="1">org.roommanager.test.admin.locations.UpdateLocation</td><td><a href="#m3">TearDownTest</a></td><td rowspan="1">1434766802004</td><td rowspan="1">0</td></tr><tr><th colspan="4">Verify that is possible update a location &#8212; skipped</th></tr><tr class="skippedeven"><td rowspan="1">org.roommanager.test.admin.locations.UpdateLocation</td><td><a href="#m4">updateLocation</a></td><td rowspan="1">1434766802004</td><td rowspan="1">0</td></tr></tbody></table><h2>Verify that is possible create a location</h2><h3 id="m0">org.roommanager.test.admin.locations.CreateLocations#createLocation</h3><table class="result"><tr><th>Exception</th></tr><tr><td><div class="stacktrace">org.openqa.selenium.NoSuchElementException: no such element
  (Session info: chrome=40.0.2214.111)
  (Driver info: chromedriver=2.14.313457 (3d645c400edf2e2c500566c9aa096063e707c9cf),platform=Windows NT 6.3 x86_64) (WARNING: The server did not provide any stacktrace information)
Command duration or timeout: 149 milliseconds
For documentation on this error, please visit: http://seleniumhq.org/exceptions/no_such_element.html
Build info: version: &apos;2.45.0&apos;, revision: &apos;5017cb8&apos;, time: &apos;2015-02-26 23:59:50&apos;
System info: host: &apos;VDQADEV01-P7UPP&apos;, ip: &apos;172.20.200.219&apos;, os.name: &apos;Windows Server 2012 R2&apos;, os.arch: &apos;amd64&apos;, os.version: &apos;6.3&apos;, java.version: &apos;1.7.0_80&apos;
*** Element info: {Using=css selector, value=input[type=&quot;text&quot;]}
Session ID: 441d5f2991046a7d976dee4fd345755a
Driver info: org.openqa.selenium.chrome.ChromeDriver
Capabilities [{platform=WIN8_1, acceptSslCerts=true, javascriptEnabled=true, browserName=chrome, chrome={userDataDir=C:\Users\SAMUEL~1\AppData\Local\Temp\2\scoped_dir4864_29294}, rotatable=false, locationContextEnabled=true, mobileEmulationEnabled=false, version=40.0.2214.111, takesHeapSnapshot=true, cssSelectorsEnabled=true, databaseEnabled=false, handlesAlerts=true, browserConnectionEnabled=false, webStorageEnabled=true, nativeEvents=true, applicationCacheEnabled=false, takesScreenshot=true}]
	at org.openqa.selenium.remote.ErrorHandler.createThrowable(ErrorHandler.java:204)
	at org.openqa.selenium.remote.ErrorHandler.throwIfResponseFailed(ErrorHandler.java:156)
	at org.openqa.selenium.remote.RemoteWebDriver.execute(RemoteWebDriver.java:599)
	at org.openqa.selenium.remote.RemoteWebDriver.findElement(RemoteWebDriver.java:352)
	at org.openqa.selenium.remote.RemoteWebDriver.findElementByCssSelector(RemoteWebDriver.java:441)
	at org.openqa.selenium.By$ByCssSelector.findElement(By.java:426)
	at org.openqa.selenium.remote.RemoteWebDriver.findElement(RemoteWebDriver.java:344)
	at org.roommanager.pages.admin.login.LoginPage.setUsername(LoginPage.java:28)
	at org.roommanager.test.admin.locations.CreateLocations.createLocation(CreateLocations.java:41)
... Removed 28 stack frames</div></td></tr></table><p class="totop"><a href="#summary">back to summary</a></p><h2>Verify that is posible delete a location</h2><h3 id="m1">org.roommanager.test.admin.locations.DeleteLocation#deleteLocation</h3><table class="result"></table><p class="totop"><a href="#summary">back to summary</a></p><h2>Verify that is possible update a location</h2><h3 id="m2">org.roommanager.test.admin.locations.UpdateLocation#setUpTest</h3><table class="result"><tr><th>Exception</th></tr><tr><td><div class="stacktrace">org.openqa.selenium.remote.SessionNotFoundException: Session ID is null. Using WebDriver after calling quit()?
Build info: version: &apos;2.45.0&apos;, revision: &apos;5017cb8&apos;, time: &apos;2015-02-26 23:59:50&apos;
System info: host: &apos;VDQADEV01-P7UPP&apos;, ip: &apos;172.20.200.219&apos;, os.name: &apos;Windows Server 2012 R2&apos;, os.arch: &apos;amd64&apos;, os.version: &apos;6.3&apos;, java.version: &apos;1.7.0_80&apos;
Driver info: driver.version: RemoteWebDriver
	at org.openqa.selenium.remote.HttpCommandExecutor.execute(HttpCommandExecutor.java:125)
	at org.openqa.selenium.remote.service.DriverCommandExecutor.execute(DriverCommandExecutor.java:66)
	at org.openqa.selenium.remote.RemoteWebDriver.execute(RemoteWebDriver.java:572)
	at org.openqa.selenium.remote.RemoteWebDriver.get(RemoteWebDriver.java:304)
	at org.roommanager.test.admin.locations.UpdateLocation.setUpTest(UpdateLocation.java:29)
... Removed 22 stack frames</div></td></tr></table><p class="totop"><a href="#summary">back to summary</a></p><h3 id="m3">org.roommanager.test.admin.locations.UpdateLocation#TearDownTest</h3><table class="result"></table><p class="totop"><a href="#summary">back to summary</a></p><h3 id="m4">org.roommanager.test.admin.locations.UpdateLocation#updateLocation</h3><table class="result"></table><p class="totop"><a href="#summary">back to summary</a></p></body></html>